make all -f /workspaces/CS-3505/A3/Makefile -C /workspaces/CS-3505/A3/ --print-data-base --no-builtin-variables --no-builtin-rules --question
# make: Entering directory '/workspaces/CS-3505/A3'
# GNU Make 4.3
# Built for x86_64-pc-linux-gnu
# Copyright (C) 1988-2020 Free Software Foundation, Inc.
# License GPLv3+: GNU GPL version 3 or later <http://gnu.org/licenses/gpl.html>
# This is free software: you are free to change and redistribute it.
# There is NO WARRANTY, to the extent permitted by law.

# Make data base, printed on Sat Feb 11 19:19:22 2023

# Variables

# environment
REMOTE_CONTAINERS_SOCKETS = ["/tmp/vscode-ssh-auth-5f23536dd7b7f9cc64c4db8e2dd3170ffa708639.sock"]
# environment
LC_ALL = C
# environment
VSCODE_CWD = /vscode/vscode-server/bin/linux-x64/441438abd1ac652551dbe4d408dfcec8a499b8bf
# default
MAKE_COMMAND := make
# environment
VSCODE_HANDLES_SIGPIPE = true
# automatic
@D = $(patsubst %/,%,$(dir $@))
# environment
VSCODE_HANDLES_UNCAUGHT_ERRORS = true
# default
.VARIABLES := 
# environment
PWD = /workspaces/CS-3505
# automatic
%D = $(patsubst %/,%,$(dir $%))
# environment
HOSTNAME = 97a22575b0f6
# automatic
^D = $(patsubst %/,%,$(dir $^))
# automatic
%F = $(notdir $%)
# environment
LANG = C
# default
.LOADED := 
# default
.INCLUDE_DIRS = /usr/local/include /usr/include /usr/include
# environment
PROMPT_DIRTRIM = 4
# makefile
MAKEFLAGS = pqrRw
# makefile
CURDIR := /workspaces/CS-3505/A3
# environment
APPLICATION_INSIGHTS_NO_DIAGNOSTIC_CHANNEL = 1
# environment
LESSOPEN = | /usr/bin/lesspipe %s
# environment
VSCODE_L10N_BUNDLE_LOCATION = 
# automatic
*D = $(patsubst %/,%,$(dir $*))
# environment
MFLAGS = -pqrRw
# environment
SSH_AUTH_SOCK = /tmp/vscode-ssh-auth-5f23536dd7b7f9cc64c4db8e2dd3170ffa708639.sock
# default
.SHELLFLAGS := -c
# automatic
+D = $(patsubst %/,%,$(dir $+))
# makefile (from '/workspaces/CS-3505/A3/Makefile', line 1)
MAKEFILE_LIST := /workspaces/CS-3505/A3/Makefile
# automatic
@F = $(notdir $@)
# automatic
?D = $(patsubst %/,%,$(dir $?))
# environment
VCPKG_ROOT = /usr/local/vcpkg
# automatic
*F = $(notdir $*)
# automatic
<D = $(patsubst %/,%,$(dir $<))
# environment
VSCODE_NLS_CONFIG = {"locale":"en","availableLanguages":{}}
# default
MAKE_HOST := x86_64-pc-linux-gnu
# makefile
SHELL = /bin/sh
# default
MAKECMDGOALS := all
# environment
SHLVL = 1
# environment
MAKELEVEL := 0
# default
MAKE = $(MAKE_COMMAND)
# environment
PATH = /vscode/vscode-server/bin/linux-x64/441438abd1ac652551dbe4d408dfcec8a499b8bf/bin/remote-cli:/usr/local/sbin:/usr/local/bin:/usr/sbin:/usr/bin:/sbin:/bin:/usr/local/vcpkg:/home/vscode/.local/bin
# default
MAKEFILES := 
# automatic
^F = $(notdir $^)
# environment
REMOTE_CONTAINERS_IPC = /tmp/vscode-remote-containers-ipc-5f23536dd7b7f9cc64c4db8e2dd3170ffa708639.sock
# environment
LESSCLOSE = /usr/bin/lesspipe %s %s
# environment
REMOTE_CONTAINERS = true
# automatic
?F = $(notdir $?)
# environment
VCPKG_DOWNLOADS = /usr/local/vcpkg-downloads
# environment
LS_COLORS = 
# automatic
+F = $(notdir $+)
# 'override' directive
GNUMAKEFLAGS := 
# environment
BROWSER = /vscode/vscode-server/bin/linux-x64/441438abd1ac652551dbe4d408dfcec8a499b8bf/bin/helpers/browser.sh
# makefile
.DEFAULT_GOAL := TrieTest
# environment
USER = vscode
# default
MAKE_VERSION := 4.3
# environment
VSCODE_AGENT_FOLDER = /home/vscode/.vscode-server
# environment
_ = /usr/bin/cat
# environment
VSCODE_IPC_HOOK_CLI = /tmp/vscode-ipc-a89ec429-001f-4046-b2e7-d36990c8ca98.sock
# environment
VSCODE_AMD_ENTRYPOINT = vs/workbench/api/node/extensionHostProcess
# environment
HOME = /home/vscode
# environment
ELECTRON_RUN_AS_NODE = 1
# default
.RECIPEPREFIX := 
# automatic
<F = $(notdir $<)
# default
SUFFIXES := 
# default
.FEATURES := target-specific order-only second-expansion else-if shortest-stem undefine oneshell nocomment grouped-target extra-prereqs archives jobserver output-sync check-symlink load
# makefile (from '/workspaces/CS-3505/A3/Makefile', line 1)
CC = g++ -g -Wall -fdiagnostics-color=always -fsanitize=undefined -fsanitize=address
# variable set hash-table stats:
# Load=66/1024=6%, Rehash=0, Collisions=2/96=2%

# Pattern-specific Variable Values

# No pattern-specific variable values.

# Directories


# No files, no impossibilities in 0 directories.

# Implicit Rules

# No implicit rules.

# Files

clean:
#  Implicit rule search has not been done.
#  Modification time never checked.
#  File has not been updated.
#  recipe to execute (from '/workspaces/CS-3505/A3/Makefile', line 16):
	rm ./TrieTest ./*.o

TrieTest.o: TrieTest.cpp
#  Implicit rule search has not been done.
#  Modification time never checked.
#  File has not been updated.
#  recipe to execute (from '/workspaces/CS-3505/A3/Makefile', line 7):
	$(CC) -c TrieTest.cpp

alttest: TrieTest
#  Implicit rule search has not been done.
#  Modification time never checked.
#  File has not been updated.
#  recipe to execute (from '/workspaces/CS-3505/A3/Makefile', line 22):
	./TrieTest alt_dict.txt alt_queries.txt

Trie.o: Trie.cpp TrieNode.o
#  Implicit rule search has not been done.
#  Modification time never checked.
#  File has not been updated.
#  recipe to execute (from '/workspaces/CS-3505/A3/Makefile', line 10):
	$(CC) -c Trie.cpp

# Not a target:
TrieNode.o:
#  Implicit rule search has not been done.
#  Modification time never checked.
#  File has not been updated.

# Not a target:
TrieTest.cpp:
#  Implicit rule search has not been done.
#  Modification time never checked.
#  File has not been updated.

TrieTest: TrieTest.o Trie.o TrieNode.o
#  Implicit rule search has not been done.
#  Modification time never checked.
#  File has not been updated.
#  recipe to execute (from '/workspaces/CS-3505/A3/Makefile', line 4):
	$(CC) -o TrieTest TrieTest.o Trie.o TrieNode.o

# Not a target:
.DEFAULT:
#  Implicit rule search has not been done.
#  Modification time never checked.
#  File has not been updated.

# Not a target:
all:
#  Command line target.
#  Implicit rule search has been done.
#  File does not exist.
#  File has not been updated.

# Not a target:
Trie.cpp:
#  Implicit rule search has not been done.
#  Modification time never checked.
#  File has not been updated.

# Not a target:
TrieNode.cpp:
#  Implicit rule search has not been done.
#  Modification time never checked.
#  File has not been updated.

test: TrieTest
#  Implicit rule search has not been done.
#  Modification time never checked.
#  File has not been updated.
#  recipe to execute (from '/workspaces/CS-3505/A3/Makefile', line 19):
	./TrieTest test_dict.txt test_queries.txt

Node.o: TrieNode.cpp
#  Implicit rule search has not been done.
#  Modification time never checked.
#  File has not been updated.
#  recipe to execute (from '/workspaces/CS-3505/A3/Makefile', line 13):
	$(CC) -c Node.cpp

# Not a target:
/workspaces/CS-3505/A3/Makefile:
#  Implicit rule search has been done.
#  Last modified 2023-02-11 06:19:30.572636724
#  File has been updated.
#  Successfully updated.

# files hash-table stats:
# Load=15/1024=1%, Rehash=0, Collisions=0/36=0%
# VPATH Search Paths

# No 'vpath' search paths.

# No general ('VPATH' variable) search path.

# strcache buffers: 1 (0) / strings = 18 / storage = 210 B / avg = 11 B
# current buf: size = 8162 B / used = 210 B / count = 18 / avg = 11 B

# strcache performance: lookups = 33 / hit rate = 45%
# hash-table stats:
# Load=18/8192=0%, Rehash=0, Collisions=0/33=0%
# Finished Make data base on Sat Feb 11 19:19:22 2023

# make: Leaving directory '/workspaces/CS-3505/A3'
 
make: *** No rule to make target 'all'.  Stop.

